Using pre-set license
Built from '2020.2/staging' branch; Version is '2020.2.6f1 (8a2143876886) revision 9052483'; Using compiler version '192528614'; Build Type 'Release'
OS: 'Windows 10 Pro; OS build 19041.928; Version 2004; 64bit' Language: 'fr' Physical Memory: 32717 MB
BatchMode: 1, IsHumanControllingUs: 0, StartBugReporterOnCrash: 0, Is64bit: 1, IsPro: 0

 COMMAND LINE ARGUMENTS:
C:\Program Files\Unity\Hub\Editor\2020.2.6f1\Editor\Unity.exe
-adb2
-batchMode
-noUpm
-name
AssetImportWorker0
-projectPath
E:/Jam/LudumDare48/LudumDar48Unity
-logFile
Logs/AssetImportWorker0.log
-srvPort
62497
Successfully changed project path to: E:/Jam/LudumDare48/LudumDar48Unity
E:/Jam/LudumDare48/LudumDar48Unity
Using Asset Import Pipeline V2.
Refreshing native plugins compatible for Editor in 20.34 ms, found 0 plugins.
Preloading 0 native plugins for Editor in 0.00 ms.
Initialize engine version: 2020.2.6f1 (8a2143876886)
[Subsystems] Discovering subsystems at path C:/Program Files/Unity/Hub/Editor/2020.2.6f1/Editor/Data/Resources/UnitySubsystems
[Subsystems] Discovering subsystems at path E:/Jam/LudumDare48/LudumDar48Unity/Assets
GfxDevice: creating device client; threaded=0
Direct3D:
    Version:  Direct3D 11.0 [level 11.1]
    Renderer: NVIDIA GeForce RTX 2070 SUPER (ID=0x1e84)
    Vendor:   
    VRAM:     8011 MB
    Driver:   27.21.14.5751
Initialize mono
Mono path[0] = 'C:/Program Files/Unity/Hub/Editor/2020.2.6f1/Editor/Data/Managed'
Mono path[1] = 'C:/Program Files/Unity/Hub/Editor/2020.2.6f1/Editor/Data/MonoBleedingEdge/lib/mono/unityjit'
Mono config path = 'C:/Program Files/Unity/Hub/Editor/2020.2.6f1/Editor/Data/MonoBleedingEdge/etc'
Using monoOptions --debugger-agent=transport=dt_socket,embedding=1,server=y,suspend=n,address=127.0.0.1:56868
Begin MonoManager ReloadAssembly
Registering precompiled unity dll's ...
Register platform support module: C:/Program Files/Unity/Hub/Editor/2020.2.6f1/Editor/Data/PlaybackEngines/WebGLSupport/UnityEditor.WebGL.Extensions.dll
Register platform support module: C:/Program Files/Unity/Hub/Editor/2020.2.6f1/Editor/Data/PlaybackEngines/WindowsStandaloneSupport/UnityEditor.WindowsStandalone.Extensions.dll
Registered in 0.001940 seconds.
Native extension for WindowsStandalone target not found
Native extension for WebGL target not found
Refreshing native plugins compatible for Editor in 20.34 ms, found 0 plugins.
Preloading 0 native plugins for Editor in 0.00 ms.
Invoked RoslynAnalysisRunner static constructor.
RoslynAnalysisRunner will not be running.
RoslynAnalysisRunner has terminated.
Mono: successfully reloaded assembly
- Completed reload, in  0.946 seconds
Platform modules already initialized, skipping
Registering precompiled user dll's ...
Registered in 0.000386 seconds.
Begin MonoManager ReloadAssembly
Native extension for WindowsStandalone target not found
Native extension for WebGL target not found
Refreshing native plugins compatible for Editor in 0.21 ms, found 0 plugins.
Preloading 0 native plugins for Editor in 0.00 ms.
Invoked RoslynAnalysisRunner static constructor.
RoslynAnalysisRunner will not be running.
RoslynAnalysisRunner has terminated.
Mono: successfully reloaded assembly
- Completed reload, in  0.661 seconds
Platform modules already initialized, skipping
========================================================================
Worker process is ready to serve import requests
Launched and connected shader compiler UnityShaderCompiler.exe after 0.03 seconds
Refreshing native plugins compatible for Editor in 0.19 ms, found 0 plugins.
Preloading 0 native plugins for Editor in 0.00 ms.
Unloading 1103 Unused Serialized files (Serialized files now loaded: 0)
System memory in use before: 56.6 MB.
System memory in use after: 56.7 MB.

Unloading 10 unused Assets to reduce memory usage. Loaded Objects now: 1544.
Total: 1.510300 ms (FindLiveObjects: 0.181200 ms CreateObjectMapping: 0.027300 ms MarkObjects: 1.235800 ms  DeleteObjects: 0.064300 ms)

========================================================================
Received Import Request.
  path: Assets
  artifactKey: Guid(00000000000000001000000000000000) Importer(815301076,1909f56bfc062723c751e8b465ee728b)
Start importing Assets using Guid(00000000000000001000000000000000) Importer(815301076,1909f56bfc062723c751e8b465ee728b)  -> (artifact id: 'f47cf443bddc682ac2de11ea429897ce') in 0.005447 seconds
  Import took 0.007018 seconds .

========================================================================
Received Import Request.
  Time since last request: 4.666038 seconds.
  path: Assets/Script
  artifactKey: Guid(0b42b58dc9081d644a5862982c07bf67) Importer(815301076,1909f56bfc062723c751e8b465ee728b)
Start importing Assets/Script using Guid(0b42b58dc9081d644a5862982c07bf67) Importer(815301076,1909f56bfc062723c751e8b465ee728b)  -> (artifact id: 'c9fdb8d903665794e4f335be6cf6922d') in 0.004898 seconds
  Import took 0.006558 seconds .

========================================================================
Received Import Request.
  Time since last request: 5.837770 seconds.
  path: Assets/New Folder
  artifactKey: Guid(d99fbd70d7629b2499bc37c4457177cd) Importer(815301076,1909f56bfc062723c751e8b465ee728b)
Start importing Assets/New Folder using Guid(d99fbd70d7629b2499bc37c4457177cd) Importer(815301076,1909f56bfc062723c751e8b465ee728b)  -> (artifact id: '32742b7ca89e3091aef9e734013fc720') in 0.005509 seconds
  Import took 0.007152 seconds .

========================================================================
Received Import Request.
  Time since last request: 7.562542 seconds.
  path: Assets/Scenes
  artifactKey: Guid(c94bca7e01cc7954aa7fc9340da6e079) Importer(815301076,1909f56bfc062723c751e8b465ee728b)
Start importing Assets/Scenes using Guid(c94bca7e01cc7954aa7fc9340da6e079) Importer(815301076,1909f56bfc062723c751e8b465ee728b)  -> (artifact id: 'c6ce585b7a17393af63f2593cb887aca') in 0.005048 seconds
  Import took 0.006731 seconds .

========================================================================
Received Import Request.
  Time since last request: 0.000459 seconds.
  path: Assets/Scenes
  artifactKey: Guid(c94bca7e01cc7954aa7fc9340da6e079) Importer(815301076,1909f56bfc062723c751e8b465ee728b)
Start importing Assets/Scenes using Guid(c94bca7e01cc7954aa7fc9340da6e079) Importer(815301076,1909f56bfc062723c751e8b465ee728b)  -> (artifact id: 'c6ce585b7a17393af63f2593cb887aca') in 0.001155 seconds
  Import took 0.002584 seconds .

========================================================================
Received Import Request.
  Time since last request: 4.613461 seconds.
  path: Assets/_
  artifactKey: Guid(6aec65097d288ce44ba7da680200d82c) Importer(815301076,1909f56bfc062723c751e8b465ee728b)
Start importing Assets/_ using Guid(6aec65097d288ce44ba7da680200d82c) Importer(815301076,1909f56bfc062723c751e8b465ee728b)  -> (artifact id: '6577b1ab3dd1937d7ed70408eefdc257') in 0.005251 seconds
  Import took 0.006931 seconds .

========================================================================
Received Import Request.
  Time since last request: 0.002378 seconds.
  path: Assets/_
  artifactKey: Guid(6aec65097d288ce44ba7da680200d82c) Importer(815301076,1909f56bfc062723c751e8b465ee728b)
Start importing Assets/_ using Guid(6aec65097d288ce44ba7da680200d82c) Importer(815301076,1909f56bfc062723c751e8b465ee728b)  -> (artifact id: '6577b1ab3dd1937d7ed70408eefdc257') in 0.001064 seconds
  Import took 0.002283 seconds .

========================================================================
Received Import Request.
  Time since last request: 7.816250 seconds.
  path: Assets/Script
  artifactKey: Guid(6aec65097d288ce44ba7da680200d82c) Importer(815301076,1909f56bfc062723c751e8b465ee728b)
Start importing Assets/Script using Guid(6aec65097d288ce44ba7da680200d82c) Importer(815301076,1909f56bfc062723c751e8b465ee728b)  -> (artifact id: '10153ec5906eef32aea520acddbce2dd') in 0.001178 seconds
  Import took 0.002827 seconds .

========================================================================
Received Import Request.
  Time since last request: 4.474819 seconds.
  path: Assets/Data
  artifactKey: Guid(838e38d6b514e2a4187d2421d545df7d) Importer(815301076,1909f56bfc062723c751e8b465ee728b)
Start importing Assets/Data using Guid(838e38d6b514e2a4187d2421d545df7d) Importer(815301076,1909f56bfc062723c751e8b465ee728b)  -> (artifact id: 'feae9dc38712370490e58737b4bb3efe') in 0.005062 seconds
  Import took 0.006699 seconds .

========================================================================
Received Import Request.
  Time since last request: 7.938221 seconds.
  path: Assets/New Custom Render Texture.asset
  artifactKey: Guid(573e3be30034a6e499a8e297bd6e79b0) Importer(815301076,1909f56bfc062723c751e8b465ee728b)
Start importing Assets/New Custom Render Texture.asset using Guid(573e3be30034a6e499a8e297bd6e79b0) Importer(815301076,1909f56bfc062723c751e8b465ee728b)  -> (artifact id: 'f57b1d8e956e4ecca1d37380a8067035') in 0.062882 seconds
  Import took 0.064569 seconds .

========================================================================
Received Import Request.
  Time since last request: 5.232997 seconds.
  path: Assets/Scene
  artifactKey: Guid(dd7b447c271471b46979d376535a4dd3) Importer(815301076,1909f56bfc062723c751e8b465ee728b)
Start importing Assets/Scene using Guid(dd7b447c271471b46979d376535a4dd3) Importer(815301076,1909f56bfc062723c751e8b465ee728b)  -> (artifact id: '0cb87a719317cdeb37545686946c2b38') in 0.005050 seconds
  Import took 0.006693 seconds .

========================================================================
Received Import Request.
  Time since last request: 7.079269 seconds.
  path: Assets/Graph
  artifactKey: Guid(40cc5744b3439dc40b80cf7ea488019e) Importer(815301076,1909f56bfc062723c751e8b465ee728b)
Start importing Assets/Graph using Guid(40cc5744b3439dc40b80cf7ea488019e) Importer(815301076,1909f56bfc062723c751e8b465ee728b)  -> (artifact id: 'f0b89d9d5221e21c0531f13f94ba1d07') in 0.005269 seconds
  Import took 0.006964 seconds .

========================================================================
Received Import Request.
  Time since last request: 5.586101 seconds.
  path: Assets/Asset
  artifactKey: Guid(40cc5744b3439dc40b80cf7ea488019e) Importer(815301076,1909f56bfc062723c751e8b465ee728b)
Start importing Assets/Asset using Guid(40cc5744b3439dc40b80cf7ea488019e) Importer(815301076,1909f56bfc062723c751e8b465ee728b)  -> (artifact id: '3671d6e49610d6f641b0e551f317ce43') in 0.005144 seconds
  Import took 0.006867 seconds .

========================================================================
Received Import Request.
  Time since last request: 4.095786 seconds.
  path: Assets/Asset/Mdé
  artifactKey: Guid(eb62b01b77fa1c340bb7fafe915a2003) Importer(815301076,1909f56bfc062723c751e8b465ee728b)
Start importing Assets/Asset/Mdé using Guid(eb62b01b77fa1c340bb7fafe915a2003) Importer(815301076,1909f56bfc062723c751e8b465ee728b)  -> (artifact id: '17592be573258f04644b85f67209ca55') in 0.005064 seconds
  Import took 0.006701 seconds .

========================================================================
Received Import Request.
  Time since last request: 7.512587 seconds.
  path: Assets/Asset/Meshs
  artifactKey: Guid(eb62b01b77fa1c340bb7fafe915a2003) Importer(815301076,1909f56bfc062723c751e8b465ee728b)
Start importing Assets/Asset/Meshs using Guid(eb62b01b77fa1c340bb7fafe915a2003) Importer(815301076,1909f56bfc062723c751e8b465ee728b)  -> (artifact id: 'f156f0b2d4c1f8fb2528dde8bf7915ad') in 0.005250 seconds
  Import took 0.006948 seconds .

========================================================================
Received Import Request.
  Time since last request: 4.346487 seconds.
  path: Assets/Asset/Textures
  artifactKey: Guid(0939165efde34344a8f802e09abdbb24) Importer(815301076,1909f56bfc062723c751e8b465ee728b)
Start importing Assets/Asset/Textures using Guid(0939165efde34344a8f802e09abdbb24) Importer(815301076,1909f56bfc062723c751e8b465ee728b)  -> (artifact id: '85ebad933df00c1a1e664beba84c8a60') in 0.005199 seconds
  Import took 0.006907 seconds .

========================================================================
Received Import Request.
  Time since last request: 4.709003 seconds.
  path: Assets/Asset/Material
  artifactKey: Guid(3b1652393e9c0fa49897a96a3c2736f5) Importer(815301076,1909f56bfc062723c751e8b465ee728b)
Start importing Assets/Asset/Material using Guid(3b1652393e9c0fa49897a96a3c2736f5) Importer(815301076,1909f56bfc062723c751e8b465ee728b)  -> (artifact id: 'ba8cbb0782a7d48e80e8b8f6768cb167') in 0.005393 seconds
  Import took 0.007149 seconds .

========================================================================
Received Import Request.
  Time since last request: 2.415127 seconds.
  path: Assets/Asset/Materials
  artifactKey: Guid(3b1652393e9c0fa49897a96a3c2736f5) Importer(815301076,1909f56bfc062723c751e8b465ee728b)
Start importing Assets/Asset/Materials using Guid(3b1652393e9c0fa49897a96a3c2736f5) Importer(815301076,1909f56bfc062723c751e8b465ee728b)  -> (artifact id: '13c7d24a0b30d9f9e2dff8db60219bc5') in 0.004909 seconds
  Import took 0.006565 seconds .

========================================================================
Received Import Request.
  Time since last request: 2.406362 seconds.
  path: Assets/Datas
  artifactKey: Guid(838e38d6b514e2a4187d2421d545df7d) Importer(815301076,1909f56bfc062723c751e8b465ee728b)
Start importing Assets/Datas using Guid(838e38d6b514e2a4187d2421d545df7d) Importer(815301076,1909f56bfc062723c751e8b465ee728b)  -> (artifact id: '350df9cd4c82719042435855624dab76') in 0.005207 seconds
  Import took 0.006898 seconds .

========================================================================
Received Import Request.
  Time since last request: 1.803610 seconds.
  path: Assets/Scenes
  artifactKey: Guid(dd7b447c271471b46979d376535a4dd3) Importer(815301076,1909f56bfc062723c751e8b465ee728b)
Start importing Assets/Scenes using Guid(dd7b447c271471b46979d376535a4dd3) Importer(815301076,1909f56bfc062723c751e8b465ee728b)  -> (artifact id: '150efefdeeb4876fd0c3546b0d2584ff') in 0.001240 seconds
  Import took 0.002820 seconds .

========================================================================
Received Import Request.
  Time since last request: 1.963282 seconds.
  path: Assets/Scripts
  artifactKey: Guid(6aec65097d288ce44ba7da680200d82c) Importer(815301076,1909f56bfc062723c751e8b465ee728b)
Start importing Assets/Scripts using Guid(6aec65097d288ce44ba7da680200d82c) Importer(815301076,1909f56bfc062723c751e8b465ee728b)  -> (artifact id: 'd27feb4e3af3ffc9a4316c1069ba48b9') in 0.005058 seconds
  Import took 0.006735 seconds .

========================================================================
Received Import Request.
  Time since last request: 4.101935 seconds.
  path: Assets/Scenes/SampleScene.unity
  artifactKey: Guid(9fc0d4010bbf28b4594072e72b8655ab) Importer(815301076,1909f56bfc062723c751e8b465ee728b)
Start importing Assets/Scenes/SampleScene.unity using Guid(9fc0d4010bbf28b4594072e72b8655ab) Importer(815301076,1909f56bfc062723c751e8b465ee728b)  -> (artifact id: 'e9c42556d68fb641f40e8d64ebda5b4c') in 0.005287 seconds
  Import took 0.007011 seconds .

AssetImportWorkerClient::OnTransportError - code=2 error=End of file
